# JRE version: Java(TM) SE Runtime Environment (8.0_65-b17) (build 1.8.0_65-b17)
# Java VM: Java HotSpot(TM) 64-Bit Server VM (25.65-b01 mixed mode windows-amd64 compressed oops)
Heap:
 PSYoungGen      total 232960K, used 116654K [0x00000000eab00000, 0x0000000100000000, 0x0000000100000000)
  eden space 116736K, 99% used [0x00000000eab00000,0x00000000f1cebad8,0x00000000f1d00000)
  from space 116224K, 0% used [0x00000000f1d00000,0x00000000f1d00000,0x00000000f8e80000)
  to   space 116224K, 0% used [0x00000000f8e80000,0x00000000f8e80000,0x0000000100000000)
 ParOldGen       total 467968K, used 467961K [0x00000000c0000000, 0x00000000eab00000, 0x00000000eab00000)
  object space 467968K, 99% used [0x00000000c0000000,0x00000000dc8fe450,0x00000000dc900000)
 Metaspace       used 6652K, capacity 7320K, committed 7680K, reserved 1056768K
  class space    used 628K, capacity 656K, committed 768K, reserved 1048576K
GC Heap History (10 events):
Event: 55.744 GC heap after
Heap after GC invocations=77 (full 50):
 PSYoungGen      total 232960K, used 116734K [0x00000000eab00000, 0x0000000100000000, 0x0000000100000000)
  eden space 116736K, 99% used [0x00000000eab00000,0x00000000f1cff8c8,0x00000000f1d00000)
  from space 116224K, 0% used [0x00000000f1d00000,0x00000000f1d00000,0x00000000f8e80000)
  to   space 116224K, 0% used [0x00000000f8e80000,0x00000000f8e80000,0x0000000100000000)
 ParOldGen       total 467456K, used 467443K [0x00000000c0000000, 0x00000000dc880000, 0x00000000eab00000)
  object space 467456K, 99% used [0x00000000c0000000,0x00000000dc87cc08,0x00000000dc880000)
 Metaspace       used 6652K, capacity 7320K, committed 7680K, reserved 1056768K
  class space    used 628K, capacity 656K, committed 768K, reserved 1048576K
}
Event: 55.744 GC heap before
{Heap before GC invocations=78 (full 51):
 PSYoungGen      total 232960K, used 116736K [0x00000000eab00000, 0x0000000100000000, 0x0000000100000000)
  eden space 116736K, 100% used [0x00000000eab00000,0x00000000f1d00000,0x00000000f1d00000)
  from space 116224K, 0% used [0x00000000f1d00000,0x00000000f1d00000,0x00000000f8e80000)
  to   space 116224K, 0% used [0x00000000f8e80000,0x00000000f8e80000,0x0000000100000000)
 ParOldGen       total 467456K, used 467443K [0x00000000c0000000, 0x00000000dc880000, 0x00000000eab00000)
  object space 467456K, 99% used [0x00000000c0000000,0x00000000dc87cc08,0x00000000dc880000)
 Metaspace       used 6652K, capacity 7320K, committed 7680K, reserved 1056768K
  class space    used 628K, capacity 656K, committed 768K, reserved 1048576K
Event: 56.303 GC heap after
Heap after GC invocations=78 (full 51):
 PSYoungGen      total 232960K, used 116734K [0x00000000eab00000, 0x0000000100000000, 0x0000000100000000)
  eden space 116736K, 99% used [0x00000000eab00000,0x00000000f1cffba0,0x00000000f1d00000)
  from space 116224K, 0% used [0x00000000f1d00000,0x00000000f1d00000,0x00000000f8e80000)
  to   space 116224K, 0% used [0x00000000f8e80000,0x00000000f8e80000,0x0000000100000000)
 ParOldGen       total 467456K, used 467443K [0x00000000c0000000, 0x00000000dc880000, 0x00000000eab00000)
  object space 467456K, 99% used [0x00000000c0000000,0x00000000dc87cc08,0x00000000dc880000)
 Metaspace       used 6652K, capacity 7320K, committed 7680K, reserved 1056768K
  class space    used 628K, capacity 656K, committed 768K, reserved 1048576K
}
Event: 56.304 GC heap before
{Heap before GC invocations=79 (full 52):
 PSYoungGen      total 232960K, used 116736K [0x00000000eab00000, 0x0000000100000000, 0x0000000100000000)
  eden space 116736K, 100% used [0x00000000eab00000,0x00000000f1d00000,0x00000000f1d00000)
  from space 116224K, 0% used [0x00000000f1d00000,0x00000000f1d00000,0x00000000f8e80000)
  to   space 116224K, 0% used [0x00000000f8e80000,0x00000000f8e80000,0x0000000100000000)
 ParOldGen       total 467968K, used 467465K [0x00000000c0000000, 0x00000000dc900000, 0x00000000eab00000)
  object space 467968K, 99% used [0x00000000c0000000,0x00000000dc8826d8,0x00000000dc900000)
 Metaspace       used 6652K, capacity 7320K, committed 7680K, reserved 1056768K
  class space    used 628K, capacity 656K, committed 768K, reserved 1048576K
Event: 56.925 GC heap after
Heap after GC invocations=79 (full 52):
 PSYoungGen      total 232960K, used 116223K [0x00000000eab00000, 0x0000000100000000, 0x0000000100000000)
  eden space 116736K, 99% used [0x00000000eab00000,0x00000000f1c7fc08,0x00000000f1d00000)
  from space 116224K, 0% used [0x00000000f1d00000,0x00000000f1d00000,0x00000000f8e80000)
  to   space 116224K, 0% used [0x00000000f8e80000,0x00000000f8e80000,0x0000000100000000)
 ParOldGen       total 467968K, used 467962K [0x00000000c0000000, 0x00000000dc900000, 0x00000000eab00000)
  object space 467968K, 99% used [0x00000000c0000000,0x00000000dc8feb78,0x00000000dc900000)
 Metaspace       used 6652K, capacity 7320K, committed 7680K, reserved 1056768K
  class space    used 628K, capacity 656K, committed 768K, reserved 1048576K
}
Event: 56.926 GC heap before
{Heap before GC invocations=80 (full 53):
 PSYoungGen      total 232960K, used 116736K [0x00000000eab00000, 0x0000000100000000, 0x0000000100000000)
  eden space 116736K, 100% used [0x00000000eab00000,0x00000000f1d00000,0x00000000f1d00000)
  from space 116224K, 0% used [0x00000000f1d00000,0x00000000f1d00000,0x00000000f8e80000)
  to   space 116224K, 0% used [0x00000000f8e80000,0x00000000f8e80000,0x0000000100000000)
 ParOldGen       total 467968K, used 467962K [0x00000000c0000000, 0x00000000dc900000, 0x00000000eab00000)
  object space 467968K, 99% used [0x00000000c0000000,0x00000000dc8feb78,0x00000000dc900000)
 Metaspace       used 6652K, capacity 7320K, committed 7680K, reserved 1056768K
  class space    used 628K, capacity 656K, committed 768K, reserved 1048576K
Event: 57.450 GC heap after
Heap after GC invocations=80 (full 53):
 PSYoungGen      total 232960K, used 116479K [0x00000000eab00000, 0x0000000100000000, 0x0000000100000000)
  eden space 116736K, 99% used [0x00000000eab00000,0x00000000f1cbfde8,0x00000000f1d00000)
  from space 116224K, 0% used [0x00000000f1d00000,0x00000000f1d00000,0x00000000f8e80000)
  to   space 116224K, 0% used [0x00000000f8e80000,0x00000000f8e80000,0x0000000100000000)
 ParOldGen       total 467968K, used 467961K [0x00000000c0000000, 0x00000000dc900000, 0x00000000eab00000)
  object space 467968K, 99% used [0x00000000c0000000,0x00000000dc8fe508,0x00000000dc900000)
 Metaspace       used 6652K, capacity 7320K, committed 7680K, reserved 1056768K
  class space    used 628K, capacity 656K, committed 768K, reserved 1048576K
}
Event: 57.450 GC heap before
{Heap before GC invocations=81 (full 54):
 PSYoungGen      total 232960K, used 116736K [0x00000000eab00000, 0x0000000100000000, 0x0000000100000000)
  eden space 116736K, 100% used [0x00000000eab00000,0x00000000f1d00000,0x00000000f1d00000)
  from space 116224K, 0% used [0x00000000f1d00000,0x00000000f1d00000,0x00000000f8e80000)
  to   space 116224K, 0% used [0x00000000f8e80000,0x00000000f8e80000,0x0000000100000000)
 ParOldGen       total 467968K, used 467961K [0x00000000c0000000, 0x00000000dc900000, 0x00000000eab00000)
  object space 467968K, 99% used [0x00000000c0000000,0x00000000dc8fe508,0x00000000dc900000)
 Metaspace       used 6652K, capacity 7320K, committed 7680K, reserved 1056768K
  class space    used 628K, capacity 656K, committed 768K, reserved 1048576K
Event: 57.947 GC heap after
Heap after GC invocations=81 (full 54):
 PSYoungGen      total 232960K, used 116592K [0x00000000eab00000, 0x0000000100000000, 0x0000000100000000)
  eden space 116736K, 99% used [0x00000000eab00000,0x00000000f1cdc0b8,0x00000000f1d00000)
  from space 116224K, 0% used [0x00000000f1d00000,0x00000000f1d00000,0x00000000f8e80000)
  to   space 116224K, 0% used [0x00000000f8e80000,0x00000000f8e80000,0x0000000100000000)
 ParOldGen       total 467968K, used 467961K [0x00000000c0000000, 0x00000000dc900000, 0x00000000eab00000)
  object space 467968K, 99% used [0x00000000c0000000,0x00000000dc8fe450,0x00000000dc900000)
 Metaspace       used 6652K, capacity 7320K, committed 7680K, reserved 1056768K
  class space    used 628K, capacity 656K, committed 768K, reserved 1048576K
}
Event: 57.948 GC heap before
{Heap before GC invocations=82 (full 55):
 PSYoungGen      total 232960K, used 116736K [0x00000000eab00000, 0x0000000100000000, 0x0000000100000000)
  eden space 116736K, 100% used [0x00000000eab00000,0x00000000f1d00000,0x00000000f1d00000)
  from space 116224K, 0% used [0x00000000f1d00000,0x00000000f1d00000,0x00000000f8e80000)
  to   space 116224K, 0% used [0x00000000f8e80000,0x00000000f8e80000,0x0000000100000000)
 ParOldGen       total 467968K, used 467961K [0x00000000c0000000, 0x00000000dc900000, 0x00000000eab00000)
  object space 467968K, 99% used [0x00000000c0000000,0x00000000dc8fe450,0x00000000dc900000)
 Metaspace       used 6652K, capacity 7320K, committed 7680K, reserved 1056768K
  class space    used 628K, capacity 656K, committed 768K, reserved 1048576K

