# JRE version: Java(TM) SE Runtime Environment (8.0_65-b17) (build 1.8.0_65-b17)
# Java VM: Java HotSpot(TM) 64-Bit Server VM (25.65-b01 mixed mode windows-amd64 compressed oops)
Heap:
 PSYoungGen      total 232960K, used 43707K [0x00000000eab00000, 0x0000000100000000, 0x0000000100000000)
  eden space 116736K, 36% used [0x00000000eab00000,0x00000000ed49e3f0,0x00000000f1d00000)
  from space 116224K, 0% used [0x00000000f8e80000,0x00000000f8f90990,0x0000000100000000)
  to   space 116224K, 0% used [0x00000000f1d00000,0x00000000f1d00000,0x00000000f8e80000)
 ParOldGen       total 688640K, used 464377K [0x00000000c0000000, 0x00000000ea080000, 0x00000000eab00000)
  object space 688640K, 67% used [0x00000000c0000000,0x00000000dc57e738,0x00000000ea080000)
 Metaspace       used 6659K, capacity 7320K, committed 7680K, reserved 1056768K
  class space    used 628K, capacity 656K, committed 768K, reserved 1048576K
GC Heap History (10 events):
Event: 28.382 GC heap before
{Heap before GC invocations=26 (full 3):
 PSYoungGen      total 227840K, used 176128K [0x00000000eab00000, 0x0000000100000000, 0x0000000100000000)
  eden space 117760K, 100% used [0x00000000eab00000,0x00000000f1e00000,0x00000000f1e00000)
  from space 110080K, 53% used [0x00000000f8880000,0x00000000fc180228,0x00000000ff400000)
  to   space 109056K, 0% used [0x00000000f1e00000,0x00000000f1e00000,0x00000000f8880000)
 ParOldGen       total 464384K, used 335681K [0x00000000c0000000, 0x00000000dc580000, 0x00000000eab00000)
  object space 464384K, 72% used [0x00000000c0000000,0x00000000d47d0798,0x00000000dc580000)
 Metaspace       used 6648K, capacity 7320K, committed 7680K, reserved 1056768K
  class space    used 626K, capacity 656K, committed 768K, reserved 1048576K
Event: 28.524 GC heap after
Heap after GC invocations=26 (full 3):
 PSYoungGen      total 226816K, used 77048K [0x00000000eab00000, 0x0000000100000000, 0x0000000100000000)
  eden space 117760K, 0% used [0x00000000eab00000,0x00000000eab00000,0x00000000f1e00000)
  from space 109056K, 70% used [0x00000000f1e00000,0x00000000f693e2d8,0x00000000f8880000)
  to   space 114688K, 0% used [0x00000000f9000000,0x00000000f9000000,0x0000000100000000)
 ParOldGen       total 464384K, used 335681K [0x00000000c0000000, 0x00000000dc580000, 0x00000000eab00000)
  object space 464384K, 72% used [0x00000000c0000000,0x00000000d47d0798,0x00000000dc580000)
 Metaspace       used 6648K, capacity 7320K, committed 7680K, reserved 1056768K
  class space    used 626K, capacity 656K, committed 768K, reserved 1048576K
}
Event: 30.406 GC heap before
{Heap before GC invocations=27 (full 3):
 PSYoungGen      total 226816K, used 194808K [0x00000000eab00000, 0x0000000100000000, 0x0000000100000000)
  eden space 117760K, 100% used [0x00000000eab00000,0x00000000f1e00000,0x00000000f1e00000)
  from space 109056K, 70% used [0x00000000f1e00000,0x00000000f693e2d8,0x00000000f8880000)
  to   space 114688K, 0% used [0x00000000f9000000,0x00000000f9000000,0x0000000100000000)
 ParOldGen       total 464384K, used 335681K [0x00000000c0000000, 0x00000000dc580000, 0x00000000eab00000)
  object space 464384K, 72% used [0x00000000c0000000,0x00000000d47d0798,0x00000000dc580000)
 Metaspace       used 6648K, capacity 7320K, committed 7680K, reserved 1056768K
  class space    used 626K, capacity 656K, committed 768K, reserved 1048576K
Event: 30.513 GC heap after
Heap after GC invocations=27 (full 3):
 PSYoungGen      total 231424K, used 95527K [0x00000000eab00000, 0x0000000100000000, 0x0000000100000000)
  eden space 116736K, 0% used [0x00000000eab00000,0x00000000eab00000,0x00000000f1d00000)
  from space 114688K, 83% used [0x00000000f9000000,0x00000000fed49df0,0x0000000100000000)
  to   space 116224K, 0% used [0x00000000f1d00000,0x00000000f1d00000,0x00000000f8e80000)
 ParOldGen       total 464384K, used 335681K [0x00000000c0000000, 0x00000000dc580000, 0x00000000eab00000)
  object space 464384K, 72% used [0x00000000c0000000,0x00000000d47d0798,0x00000000dc580000)
 Metaspace       used 6648K, capacity 7320K, committed 7680K, reserved 1056768K
  class space    used 626K, capacity 656K, committed 768K, reserved 1048576K
}
Event: 31.293 GC heap before
{Heap before GC invocations=28 (full 3):
 PSYoungGen      total 231424K, used 212263K [0x00000000eab00000, 0x0000000100000000, 0x0000000100000000)
  eden space 116736K, 100% used [0x00000000eab00000,0x00000000f1d00000,0x00000000f1d00000)
  from space 114688K, 83% used [0x00000000f9000000,0x00000000fed49df0,0x0000000100000000)
  to   space 116224K, 0% used [0x00000000f1d00000,0x00000000f1d00000,0x00000000f8e80000)
 ParOldGen       total 464384K, used 335681K [0x00000000c0000000, 0x00000000dc580000, 0x00000000eab00000)
  object space 464384K, 72% used [0x00000000c0000000,0x00000000d47d0798,0x00000000dc580000)
 Metaspace       used 6659K, capacity 7320K, committed 7680K, reserved 1056768K
  class space    used 628K, capacity 656K, committed 768K, reserved 1048576K
Event: 31.430 GC heap after
Heap after GC invocations=28 (full 3):
 PSYoungGen      total 232960K, used 81428K [0x00000000eab00000, 0x0000000100000000, 0x0000000100000000)
  eden space 116736K, 0% used [0x00000000eab00000,0x00000000eab00000,0x00000000f1d00000)
  from space 116224K, 70% used [0x00000000f1d00000,0x00000000f6c85350,0x00000000f8e80000)
  to   space 116224K, 0% used [0x00000000f8e80000,0x00000000f8e80000,0x0000000100000000)
 ParOldGen       total 464384K, used 372573K [0x00000000c0000000, 0x00000000dc580000, 0x00000000eab00000)
  object space 464384K, 80% used [0x00000000c0000000,0x00000000d6bd7568,0x00000000dc580000)
 Metaspace       used 6659K, capacity 7320K, committed 7680K, reserved 1056768K
  class space    used 628K, capacity 656K, committed 768K, reserved 1048576K
}
Event: 32.097 GC heap before
{Heap before GC invocations=29 (full 3):
 PSYoungGen      total 232960K, used 198164K [0x00000000eab00000, 0x0000000100000000, 0x0000000100000000)
  eden space 116736K, 100% used [0x00000000eab00000,0x00000000f1d00000,0x00000000f1d00000)
  from space 116224K, 70% used [0x00000000f1d00000,0x00000000f6c85350,0x00000000f8e80000)
  to   space 116224K, 0% used [0x00000000f8e80000,0x00000000f8e80000,0x0000000100000000)
 ParOldGen       total 464384K, used 372573K [0x00000000c0000000, 0x00000000dc580000, 0x00000000eab00000)
  object space 464384K, 80% used [0x00000000c0000000,0x00000000d6bd7568,0x00000000dc580000)
 Metaspace       used 6659K, capacity 7320K, committed 7680K, reserved 1056768K
  class space    used 628K, capacity 656K, committed 768K, reserved 1048576K
Event: 32.198 GC heap after
Heap after GC invocations=29 (full 3):
 PSYoungGen      total 232960K, used 55022K [0x00000000eab00000, 0x0000000100000000, 0x0000000100000000)
  eden space 116736K, 0% used [0x00000000eab00000,0x00000000eab00000,0x00000000f1d00000)
  from space 116224K, 47% used [0x00000000f8e80000,0x00000000fc43b848,0x0000000100000000)
  to   space 116224K, 0% used [0x00000000f1d00000,0x00000000f1d00000,0x00000000f8e80000)
 ParOldGen       total 464384K, used 412320K [0x00000000c0000000, 0x00000000dc580000, 0x00000000eab00000)
  object space 464384K, 88% used [0x00000000c0000000,0x00000000d92a8398,0x00000000dc580000)
 Metaspace       used 6659K, capacity 7320K, committed 7680K, reserved 1056768K
  class space    used 628K, capacity 656K, committed 768K, reserved 1048576K
}
Event: 32.198 GC heap before
{Heap before GC invocations=30 (full 4):
 PSYoungGen      total 232960K, used 55022K [0x00000000eab00000, 0x0000000100000000, 0x0000000100000000)
  eden space 116736K, 0% used [0x00000000eab00000,0x00000000eab00000,0x00000000f1d00000)
  from space 116224K, 47% used [0x00000000f8e80000,0x00000000fc43b848,0x0000000100000000)
  to   space 116224K, 0% used [0x00000000f1d00000,0x00000000f1d00000,0x00000000f8e80000)
 ParOldGen       total 464384K, used 412320K [0x00000000c0000000, 0x00000000dc580000, 0x00000000eab00000)
  object space 464384K, 88% used [0x00000000c0000000,0x00000000d92a8398,0x00000000dc580000)
 Metaspace       used 6659K, capacity 7320K, committed 7680K, reserved 1056768K
  class space    used 628K, capacity 656K, committed 768K, reserved 1048576K
Event: 35.795 GC heap after
Heap after GC invocations=30 (full 4):
 PSYoungGen      total 232960K, used 1090K [0x00000000eab00000, 0x0000000100000000, 0x0000000100000000)
  eden space 116736K, 0% used [0x00000000eab00000,0x00000000eab00000,0x00000000f1d00000)
  from space 116224K, 0% used [0x00000000f8e80000,0x00000000f8f90990,0x0000000100000000)
  to   space 116224K, 0% used [0x00000000f1d00000,0x00000000f1d00000,0x00000000f8e80000)
 ParOldGen       total 688640K, used 464377K [0x00000000c0000000, 0x00000000ea080000, 0x00000000eab00000)
  object space 688640K, 67% used [0x00000000c0000000,0x00000000dc57e738,0x00000000ea080000)
 Metaspace       used 6659K, capacity 7320K, committed 7680K, reserved 1056768K
  class space    used 628K, capacity 656K, committed 768K, reserved 1048576K
}

